c:\oop\qt\lab12\lab11\x64\debug\vc140.pdb
c:\oop\qt\lab12\lab11\x64\debug\tutorialgui.obj
c:\oop\qt\lab12\lab11\x64\debug\tutorial.obj
c:\oop\qt\lab12\lab11\x64\debug\main.obj
c:\oop\qt\lab12\lab11\x64\debug\lab11.obj
c:\oop\qt\lab12\lab11\x64\debug\moc_tutorialgui.obj
c:\oop\qt\lab12\lab11\x64\debug\moc_lab11.obj
c:\oop\qt\lab12\lab11\x64\debug\utils.obj
c:\oop\qt\lab12\lab11\x64\debug\tutorialvalidator.obj
c:\oop\qt\lab12\lab11\x64\debug\repositoryexceptions.obj
c:\oop\qt\lab12\lab11\x64\debug\repository.obj
c:\oop\qt\lab12\lab11\x64\debug\playlist.obj
c:\oop\qt\lab12\lab11\x64\debug\htmlplaylist.obj
c:\oop\qt\lab12\lab11\x64\debug\fileplaylist.obj
c:\oop\qt\lab12\lab11\x64\debug\csvplaylist.obj
c:\oop\qt\lab12\lab11\x64\debug\controllerexceptions.obj
c:\oop\qt\lab12\lab11\x64\debug\controller.obj
c:\oop\qt\lab12\lab11\generatedfiles\debug\moc_lab11.cpp
c:\oop\qt\lab12\lab11\generatedfiles\ui_lab11.h
c:\oop\qt\lab12\lab11\generatedfiles\debug\moc_tutorialgui.cpp
c:\oop\qt\lab12\lab11\generatedfiles\qrc_lab11.cpp
c:\oop\qt\lab12\lab11\x64\debug\lab11.tlog\cl.command.1.tlog
c:\oop\qt\lab12\lab11\x64\debug\lab11.tlog\cl.read.1.tlog
c:\oop\qt\lab12\lab11\x64\debug\lab11.tlog\cl.write.1.tlog
c:\oop\qt\lab12\lab11\x64\debug\lab11.tlog\custombuild.command.1.tlog
c:\oop\qt\lab12\lab11\x64\debug\lab11.tlog\custombuild.read.1.tlog
c:\oop\qt\lab12\lab11\x64\debug\lab11.tlog\custombuild.write.1.tlog
